Start testing: Jul 26 08:56 CST
----------------------------------------------------------
1/12 Testing: cavegen_determinism_and_boundaries
1/12 Test: cavegen_determinism_and_boundaries
Command: "/home/evan/Coding/MinecraftC/build-local/cavegen_tests"
Directory: /home/evan/Coding/MinecraftC/build-local
"cavegen_determinism_and_boundaries" start time: Jul 26 08:56 CST
Output:
----------------------------------------------------------
cave density=0.0835751 carved=53916 water=1132 lava=2970
<end of output>
Test time =   0.27 sec
----------------------------------------------------------
Test Passed.
"cavegen_determinism_and_boundaries" end time: Jul 26 08:56 CST
"cavegen_determinism_and_boundaries" time elapsed: 00:00:00
----------------------------------------------------------

2/12 Testing: worldgen_determinism_boundaries_and_distribution
2/12 Test: worldgen_determinism_boundaries_and_distribution
Command: "/home/evan/Coding/MinecraftC/build-local/worldgen_tests"
Directory: /home/evan/Coding/MinecraftC/build-local
"worldgen_determinism_boundaries_and_distribution" start time: Jul 26 08:56 CST
Output:
----------------------------------------------------------
ore sample coal=6378 iron=2916 gold=422 diamond=67 total=9783/1933312
biomes=18 rivers=18325 trees=0 ores=9783/1933312
<end of output>
Test time =   1.22 sec
----------------------------------------------------------
Test Passed.
"worldgen_determinism_boundaries_and_distribution" end time: Jul 26 08:56 CST
"worldgen_determinism_boundaries_and_distribution" time elapsed: 00:00:01
----------------------------------------------------------

3/12 Testing: rendering_day_cycle_and_environment
3/12 Test: rendering_day_cycle_and_environment
Command: "/home/evan/Coding/MinecraftC/build-local/rendering_logic_tests"
Directory: /home/evan/Coding/MinecraftC/build-local
"rendering_day_cycle_and_environment" start time: Jul 26 08:56 CST
Output:
----------------------------------------------------------
render environment logic passed
<end of output>
Test time =   0.00 sec
----------------------------------------------------------
Test Passed.
"rendering_day_cycle_and_environment" end time: Jul 26 08:56 CST
"rendering_day_cycle_and_environment" time elapsed: 00:00:00
----------------------------------------------------------

4/12 Testing: player_ledge_and_auto_jump_logic
4/12 Test: player_ledge_and_auto_jump_logic
Command: "/home/evan/Coding/MinecraftC/build-local/player_physics_tests"
Directory: /home/evan/Coding/MinecraftC/build-local
"player_ledge_and_auto_jump_logic" start time: Jul 26 08:56 CST
Output:
----------------------------------------------------------
player physics logic passed
<end of output>
Test time =   0.00 sec
----------------------------------------------------------
Test Passed.
"player_ledge_and_auto_jump_logic" end time: Jul 26 08:56 CST
"player_ledge_and_auto_jump_logic" time elapsed: 00:00:00
----------------------------------------------------------

5/12 Testing: survival_item_registry_and_inventory
5/12 Test: survival_item_registry_and_inventory
Command: "/home/evan/Coding/MinecraftC/build-local/inventory_tests"
Directory: /home/evan/Coding/MinecraftC/build-local
"survival_item_registry_and_inventory" start time: Jul 26 08:56 CST
Output:
----------------------------------------------------------
Inventory and item registry tests passed
<end of output>
Test time =   0.00 sec
----------------------------------------------------------
Test Passed.
"survival_item_registry_and_inventory" end time: Jul 26 08:56 CST
"survival_item_registry_and_inventory" time elapsed: 00:00:00
----------------------------------------------------------

6/12 Testing: survival_save_roundtrip_and_corruption
6/12 Test: survival_save_roundtrip_and_corruption
Command: "/home/evan/Coding/MinecraftC/build-local/save_store_tests"
Directory: /home/evan/Coding/MinecraftC/build-local
"survival_save_roundtrip_and_corruption" start time: Jul 26 08:56 CST
Output:
----------------------------------------------------------
Save store tests passed
<end of output>
Test time =   0.00 sec
----------------------------------------------------------
Test Passed.
"survival_save_roundtrip_and_corruption" end time: Jul 26 08:56 CST
"survival_save_roundtrip_and_corruption" time elapsed: 00:00:00
----------------------------------------------------------

7/12 Testing: survival_mining_crafting_and_smelting
7/12 Test: survival_mining_crafting_and_smelting
Command: "/home/evan/Coding/MinecraftC/build-local/survival_rules_tests"
Directory: /home/evan/Coding/MinecraftC/build-local
"survival_mining_crafting_and_smelting" start time: Jul 26 08:56 CST
Output:
----------------------------------------------------------
Survival rules tests passed
<end of output>
Test time =   0.00 sec
----------------------------------------------------------
Test Passed.
"survival_mining_crafting_and_smelting" end time: Jul 26 08:56 CST
"survival_mining_crafting_and_smelting" time elapsed: 00:00:00
----------------------------------------------------------

8/12 Testing: survival_health_hunger_and_starvation
8/12 Test: survival_health_hunger_and_starvation
Command: "/home/evan/Coding/MinecraftC/build-local/survival_stats_tests"
Directory: /home/evan/Coding/MinecraftC/build-local
"survival_health_hunger_and_starvation" start time: Jul 26 08:56 CST
Output:
----------------------------------------------------------
Survival stats tests passed
<end of output>
Test time =   0.00 sec
----------------------------------------------------------
Test Passed.
"survival_health_hunger_and_starvation" end time: Jul 26 08:56 CST
"survival_health_hunger_and_starvation" time elapsed: 00:00:00
----------------------------------------------------------

9/12 Testing: survival_multiple_world_catalog
9/12 Test: survival_multiple_world_catalog
Command: "/home/evan/Coding/MinecraftC/build-local/world_catalog_tests"
Directory: /home/evan/Coding/MinecraftC/build-local
"survival_multiple_world_catalog" start time: Jul 26 08:56 CST
Output:
----------------------------------------------------------
World catalog tests passed
<end of output>
Test time =   0.00 sec
----------------------------------------------------------
Test Passed.
"survival_multiple_world_catalog" end time: Jul 26 08:56 CST
"survival_multiple_world_catalog" time elapsed: 00:00:00
----------------------------------------------------------

10/12 Testing: cheat_gamemode_command_parsing
10/12 Test: cheat_gamemode_command_parsing
Command: "/home/evan/Coding/MinecraftC/build-local/command_tests"
Directory: /home/evan/Coding/MinecraftC/build-local
"cheat_gamemode_command_parsing" start time: Jul 26 08:56 CST
Output:
----------------------------------------------------------
Command parsing tests passed
<end of output>
Test time =   0.00 sec
----------------------------------------------------------
Test Passed.
"cheat_gamemode_command_parsing" end time: Jul 26 08:56 CST
"cheat_gamemode_command_parsing" time elapsed: 00:00:00
----------------------------------------------------------

11/12 Testing: survival_entity_spawning_despawn_and_sweep
11/12 Test: survival_entity_spawning_despawn_and_sweep
Command: "/home/evan/Coding/MinecraftC/build-local/entity_logic_tests"
Directory: /home/evan/Coding/MinecraftC/build-local
"survival_entity_spawning_despawn_and_sweep" start time: Jul 26 08:56 CST
Output:
----------------------------------------------------------
Entity logic tests passed
<end of output>
Test time =   0.00 sec
----------------------------------------------------------
Test Passed.
"survival_entity_spawning_despawn_and_sweep" end time: Jul 26 08:56 CST
"survival_entity_spawning_despawn_and_sweep" time elapsed: 00:00:00
----------------------------------------------------------

12/12 Testing: rendering_cross_chunk_block_light
12/12 Test: rendering_cross_chunk_block_light
Command: "/home/evan/Coding/MinecraftC/build-local/lighting_logic_tests"
Directory: /home/evan/Coding/MinecraftC/build-local
"rendering_cross_chunk_block_light" start time: Jul 26 08:56 CST
Output:
----------------------------------------------------------
Lighting logic tests passed
<end of output>
Test time =   0.00 sec
----------------------------------------------------------
Test Passed.
"rendering_cross_chunk_block_light" end time: Jul 26 08:56 CST
"rendering_cross_chunk_block_light" time elapsed: 00:00:00
----------------------------------------------------------

End testing: Jul 26 08:56 CST
